a:\gamesprogramming\games programming 3 coursework\games programming 3 coursework\debug\vc140.pdb
a:\gamesprogramming\games programming 3 coursework\games programming 3 coursework\debug\vc140.idb
a:\gamesprogramming\games programming 3 coursework\games programming 3 coursework\debug\alien.obj
a:\gamesprogramming\games programming 3 coursework\games programming 3 coursework\debug\alienblastgame.obj
a:\gamesprogramming\games programming 3 coursework\games programming 3 coursework\debug\bullet.obj
a:\gamesprogramming\games programming 3 coursework\games programming 3 coursework\debug\font.obj
a:\gamesprogramming\games programming 3 coursework\games programming 3 coursework\debug\fontmanager.obj
a:\gamesprogramming\games programming 3 coursework\games programming 3 coursework\debug\gamedisplay.obj
a:\gamesprogramming\games programming 3 coursework\games programming 3 coursework\debug\gamesound.obj
a:\gamesprogramming\games programming 3 coursework\games programming 3 coursework\debug\inputmanager.obj
a:\gamesprogramming\games programming 3 coursework\games programming 3 coursework\debug\lightmanager.obj
a:\gamesprogramming\games programming 3 coursework\games programming 3 coursework\debug\main.obj
a:\gamesprogramming\games programming 3 coursework\games programming 3 coursework\debug\modelmanager.obj
a:\gamesprogramming\games programming 3 coursework\games programming 3 coursework\debug\obj_loader.obj
a:\gamesprogramming\games programming 3 coursework\games programming 3 coursework\debug\playership.obj
a:\gamesprogramming\games programming 3 coursework\games programming 3 coursework\debug\shadermanager.obj
a:\gamesprogramming\games programming 3 coursework\games programming 3 coursework\debug\soundmanager.obj
a:\gamesprogramming\games programming 3 coursework\games programming 3 coursework\debug\texturemanager.obj
a:\gamesprogramming\games programming 3 coursework\games programming 3 coursework\debug\transformmanager.obj
a:\gamesprogramming\games programming 3 coursework\games programming 3 coursework\debug\stb_image.obj
a:\gamesprogramming\games programming 3 coursework\debug\games programming 3 coursework.ilk
a:\gamesprogramming\games programming 3 coursework\debug\games programming 3 coursework.exe
a:\gamesprogramming\games programming 3 coursework\debug\games programming 3 coursework.pdb
a:\gamesprogramming\games programming 3 coursework\games programming 3 coursework\debug\games pr.a41d8e6d.tlog\cl.command.1.tlog
a:\gamesprogramming\games programming 3 coursework\games programming 3 coursework\debug\games pr.a41d8e6d.tlog\cl.read.1.tlog
a:\gamesprogramming\games programming 3 coursework\games programming 3 coursework\debug\games pr.a41d8e6d.tlog\cl.write.1.tlog
a:\gamesprogramming\games programming 3 coursework\games programming 3 coursework\debug\games pr.a41d8e6d.tlog\link.command.1.tlog
a:\gamesprogramming\games programming 3 coursework\games programming 3 coursework\debug\games pr.a41d8e6d.tlog\link.read.1.tlog
a:\gamesprogramming\games programming 3 coursework\games programming 3 coursework\debug\games pr.a41d8e6d.tlog\link.write.1.tlog
